#Build: Fabric Compiler 2022.2-SP6.4, Build 146967, Jan 31 01:39 2024
#Install: D:\pds2022_sp6_4\PDS_2022.2-SP6.4\bin
#Application name: pds.exe
#OS: Windows 10 10.0.22631
#Hostname: DESKTOP-50P54KS
Generated by Fabric Compiler (version 2022.2-SP6.4 build 146967) at Wed Feb 19 20:22:00 2025
Parse module hierarchy of project 'D:/2L676demo/img_gamma_sim_prj/img_gamma_sim_prj/temp_projects/Main_Flow/Main_Flow.pds' (ADS Parser)
E: Top module resolving failed.
File "D:/2L676demo/img_gamma_sim_prj/img_gamma_sim_prj/sim/gamma_table.v" has been added to project successfully. 
Parse module hierarchy of project 'D:/2L676demo/img_gamma_sim_prj/img_gamma_sim_prj/temp_projects/Main_Flow/Main_Flow.pds' (ADS Parser)
E: Top module resolving failed.
Parse module hierarchy of project 'D:/2L676demo/img_gamma_sim_prj/img_gamma_sim_prj/temp_projects/Main_Flow/Main_Flow.pds' (ADS Parser)
E: Top module resolving failed.
Parse module hierarchy of project 'D:/2L676demo/img_gamma_sim_prj/img_gamma_sim_prj/temp_projects/Main_Flow/Main_Flow.pds' (ADS Parser)
E: Top module resolving failed.
Parse module hierarchy of project 'D:/2L676demo/img_gamma_sim_prj/img_gamma_sim_prj/temp_projects/Main_Flow/Main_Flow.pds' (ADS Parser)
E: Top module resolving failed.
Parse module hierarchy of project 'D:/2L676demo/img_gamma_sim_prj/img_gamma_sim_prj/temp_projects/Main_Flow/Main_Flow.pds' (ADS Parser)
E: Top module resolving failed.
Parse module hierarchy of project 'D:/2L676demo/img_gamma_sim_prj/img_gamma_sim_prj/temp_projects/Main_Flow/Main_Flow.pds' (ADS Parser)
E: Top module resolving failed.
Parse module hierarchy of project 'D:/2L676demo/img_gamma_sim_prj/img_gamma_sim_prj/temp_projects/Main_Flow/Main_Flow.pds' (ADS Parser)
E: Top module resolving failed.
Parse module hierarchy of project 'D:/2L676demo/img_gamma_sim_prj/img_gamma_sim_prj/temp_projects/Main_Flow/Main_Flow.pds' (ADS Parser)
E: Top module resolving failed.
