IP Generator (Version 2022.2-SP6.1 build 138931)
Check out license ...
Start generating at 2024-05-06 03:39
Instance: rd_fram_buf (D:\ziguan_demo\10_HDMI_DDR3_OV5640_test\10_HDMI_DDR3_OV5640_test\source\rtl\rd_fram_buf\rd_fram_buf.idf)
IP: Pango DRM Based Simple Dual Port RAM (1.10)
Part: Logos2-PG2L100H-FBG484--6
Create directory 'rtl' ...
Copy 'rtl\ipm2l_sdpram_v1_10.v.xml' to 'rtl' ...
Compile file 'rtl\ipm2l_sdpram_v1_10.v.xml' to 'rtl\ipm2l_sdpram_v1_10_rd_fram_buf.v' ...
Copy 'ipm2l_sdpram_wrapper_v1_10.v.xml' ...
Compile file 'ipm2l_sdpram_wrapper_v1_10.v.xml' to 'rd_fram_buf.v' ...
Found top module 'rd_fram_buf' in file 'rd_fram_buf.v'.
Copy 'ipm2l_sdpram_wrapper_v1_0_tb.v.xml' ...
Compile file 'ipm2l_sdpram_wrapper_v1_0_tb.v.xml' to 'rd_fram_buf_tb.v' ...
Copy 'init_param_bin_exmp.dat' ...
Copy 'init_param_hex_exmp.dat' ...
Run file 'createParam.tcl' ...
Run file 'creatResetValue.tcl' ...
Create template file 'rd_fram_buf_tmpl.v' ...
Create template file 'rd_fram_buf_tmpl.vhdl' ...
There are 2 source files to synthesize.
Synthesis is disabled.
Done: 0 error(s), 0 warning(s)
